{
  "timestamp": "2025-06-05T10:50:34.673Z",
  "response": {
    "order": {
      "orderKey": "PO4076753927^PO4076754142^62216",
      "status": "error"
    },
    "error": {
      "referenceNumber": "D250605-T105033-M508-80",
      "messages": []
    },
    "gateway": null
  },
  "headers": {
    "accept": "*/*",
    "accept-encoding": "gzip, deflate, br, zstd",
    "accept-language": "en-GB,en-US;q=0.9,en;q=0.8",
    "baggage": "sentry-environment=development,sentry-public_key=0997b6c8c3694c14bba823c6f945791b,sentry-trace_id=9762797abb819d34fe9717a423fba8cd,sentry-sampled=false",
    "connection": "keep-alive",
    "content-length": "156",
    "content-type": "application/json",
    "cookie": "auth=eyJhbGciOiJIUzI1NiIsInR5cCI6IkpXVCJ9.eyJpZCI6IjdhYzgzZTZmLTgyMmUtNDQyMC04MDQ1LTFiZjI2MDY1MmRiZiIsImVtYWlsIjoiZGFycnlsQHNob290aW5nc3VwcGxpZXNsdGQuY28udWsiLCJwYXNzd29yZCI6IiQyYiQxMCRhRmswT2xMMlZUS3BzV2g2Yks3S0JPM0VOOUpKSGJ1eGRnQzJBSmpVM21Nc0RDVVJVWGlaVyIsInByb3ZpZGVyTmFtZSI6IkxPQ0FMIiwibmFtZSI6bnVsbCwibGFzdE5hbWUiOm51bGwsImlzU3VwZXJBZG1pbiI6ZmFsc2UsImJpbyI6bnVsbCwiYXVkaWVuY2UiOjAsInBpY3R1cmVJZCI6bnVsbCwicHJvdmlkZXJJZCI6IiIsInRpbWV6b25lIjowLCJjcmVhdGVkQXQiOiIyMDI0LTExLTIyVDA5OjUzOjMxLjMzNVoiLCJ1cGRhdGVkQXQiOiIyMDI0LTExLTIyVDA5OjUzOjMxLjMzNVoiLCJsYXN0UmVhZE5vdGlmaWNhdGlvbnMiOiIyMDI0LTExLTIyVDA5OjUzOjMxLjMzNVoiLCJpbnZpdGVJZCI6bnVsbCwiYWN0aXZhdGVkIjp0cnVlLCJtYXJrZXRwbGFjZSI6dHJ1ZSwiYWNjb3VudCI6bnVsbCwiY29ubmVjdGVkQWNjb3VudCI6ZmFsc2UsImxhc3RPbmxpbmUiOiIyMDI0LTExLTIyVDA5OjUzOjMxLjMzNVoiLCJpYXQiOjE3MzIyNjkyMTF9.35rtQdJwDA8gHcOhmIF5d6ZVBZSahkdpOPwMxCfAGHk; orderID=62216; formData={%22firstName%22:%22Darryl%22%2C%22lastName%22:%22Morley%22%2C%22email%22:%22darryl@shootingsuppliesltd.co.uk%22%2C%22tel%22:%2201527831261%22%2C%22billingAddress1%22:%2229%20Queens%20Avenue%22%2C%22billingAddress2%22:%22%22%2C%22billingCity%22:%22Shipston-on-Stour%22%2C%22billingCounty%22:%22Warwickshire%22%2C%22billingPostcode%22:%22CV36%204DE%22%2C%22deliveryAddress1%22:%22%22%2C%22deliveryAddress2%22:%22%22%2C%22deliveryCity%22:%22%22%2C%22deliveryCounty%22:%22%22%2C%22deliveryPostcode%22:%22%22%2C%22delivery%22:%22delivery%22%2C%22deliverySameAsBilling%22:true}; paymentInitiated=2025-06-05T10:50:01.194Z; paymentURL=https://payments-test.worldpay.com/app/hpp/integration/transaction/f678ccf6-8ff7-49f6-a32f-1492c9d6f161?ref=62216&cs=4MvbMTzN2IqIbxdC",
    "dnt": "1",
    "host": "localhost:3000",
    "origin": "http://localhost:3000",
    "referer": "http://localhost:3000/shop/checkout",
    "sec-ch-prefers-color-scheme": "light",
    "sec-ch-ua": "\"Google Chrome\";v=\"137\", \"Chromium\";v=\"137\", \"Not/A)Brand\";v=\"24\"",
    "sec-ch-ua-mobile": "?0",
    "sec-ch-ua-platform": "\"macOS\"",
    "sec-fetch-dest": "empty",
    "sec-fetch-mode": "cors",
    "sec-fetch-site": "same-origin",
    "sentry-trace": "9762797abb819d34fe9717a423fba8cd-a01daa4cdc44d876-0",
    "user-agent": "Mozilla/5.0 (Macintosh; Intel Mac OS X 10_15_7) AppleWebKit/537.36 (KHTML, like Gecko) Chrome/137.0.0.0 Safari/537.36",
    "x-forwarded-for": "::1",
    "x-forwarded-host": "localhost:3000",
    "x-forwarded-port": "3000",
    "x-forwarded-proto": "http"
  }
}

{
  "timestamp": "2025-06-05T11:19:46.445Z",
  "response": {
    "worldpayResponse": {
      "order": {
        "orderKey": "PO4076753927^PO4076754142^62220",
        "status": "error"
      },
      "error": {
        "referenceNumber": "D250605-T111945-M137-16",
        "messages": []
      },
      "gateway": null
    },
    "orderID": "62220",
    "timestamp": "2025-06-05T11:19:45.139Z",
    "userAgent": "Mozilla/5.0 (Macintosh; Intel Mac OS X 10_15_7) AppleWebKit/537.36 (KHTML, like Gecko) Chrome/137.0.0.0 Safari/537.36"
  },
  "headers": {
    "accept": "*/*",
    "accept-encoding": "gzip, deflate, br, zstd",
    "accept-language": "en-GB,en-US;q=0.9,en;q=0.8",
    "baggage": "sentry-environment=development,sentry-public_key=0997b6c8c3694c14bba823c6f945791b,sentry-trace_id=10d4b8c7e76cf4fa41cc6f6c025fcf49,sentry-sampled=false",
    "connection": "keep-alive",
    "content-length": "366",
    "content-type": "application/json",
    "cookie": "auth=eyJhbGciOiJIUzI1NiIsInR5cCI6IkpXVCJ9.eyJpZCI6IjdhYzgzZTZmLTgyMmUtNDQyMC04MDQ1LTFiZjI2MDY1MmRiZiIsImVtYWlsIjoiZGFycnlsQHNob290aW5nc3VwcGxpZXNsdGQuY28udWsiLCJwYXNzd29yZCI6IiQyYiQxMCRhRmswT2xMMlZUS3BzV2g2Yks3S0JPM0VOOUpKSGJ1eGRnQzJBSmpVM21Nc0RDVVJVWGlaVyIsInByb3ZpZGVyTmFtZSI6IkxPQ0FMIiwibmFtZSI6bnVsbCwibGFzdE5hbWUiOm51bGwsImlzU3VwZXJBZG1pbiI6ZmFsc2UsImJpbyI6bnVsbCwiYXVkaWVuY2UiOjAsInBpY3R1cmVJZCI6bnVsbCwicHJvdmlkZXJJZCI6IiIsInRpbWV6b25lIjowLCJjcmVhdGVkQXQiOiIyMDI0LTExLTIyVDA5OjUzOjMxLjMzNVoiLCJ1cGRhdGVkQXQiOiIyMDI0LTExLTIyVDA5OjUzOjMxLjMzNVoiLCJsYXN0UmVhZE5vdGlmaWNhdGlvbnMiOiIyMDI0LTExLTIyVDA5OjUzOjMxLjMzNVoiLCJpbnZpdGVJZCI6bnVsbCwiYWN0aXZhdGVkIjp0cnVlLCJtYXJrZXRwbGFjZSI6dHJ1ZSwiYWNjb3VudCI6bnVsbCwiY29ubmVjdGVkQWNjb3VudCI6ZmFsc2UsImxhc3RPbmxpbmUiOiIyMDI0LTExLTIyVDA5OjUzOjMxLjMzNVoiLCJpYXQiOjE3MzIyNjkyMTF9.35rtQdJwDA8gHcOhmIF5d6ZVBZSahkdpOPwMxCfAGHk; orderID=62220; formData={%22firstName%22:%22Darryl%22%2C%22lastName%22:%22Morley%22%2C%22email%22:%22darryl@shootingsuppliesltd.co.uk%22%2C%22tel%22:%2201527831261%22%2C%22billingAddress1%22:%2229%20Queens%20Avenue%22%2C%22billingAddress2%22:%22%22%2C%22billingCity%22:%22Shipston-on-Stour%22%2C%22billingCounty%22:%22Warwickshire%22%2C%22billingPostcode%22:%22CV36%204DE%22%2C%22deliveryAddress1%22:%22%22%2C%22deliveryAddress2%22:%22%22%2C%22deliveryCity%22:%22%22%2C%22deliveryCounty%22:%22%22%2C%22deliveryPostcode%22:%22%22%2C%22delivery%22:%22delivery%22%2C%22deliverySameAsBilling%22:true}; paymentURL=https://payments-test.worldpay.com/app/hpp/integration/transaction/43469350-e86c-47e4-bd45-d34fe94a6967?ref=62220&cs=bhgaEWtqNwEg8THb; paymentInitiated=true",
    "dnt": "1",
    "host": "localhost:3000",
    "origin": "http://localhost:3000",
    "referer": "http://localhost:3000/shop/checkout",
    "sec-ch-prefers-color-scheme": "light",
    "sec-ch-ua": "\"Google Chrome\";v=\"137\", \"Chromium\";v=\"137\", \"Not/A)Brand\";v=\"24\"",
    "sec-ch-ua-mobile": "?0",
    "sec-ch-ua-platform": "\"macOS\"",
    "sec-fetch-dest": "empty",
    "sec-fetch-mode": "cors",
    "sec-fetch-site": "same-origin",
    "sentry-trace": "10d4b8c7e76cf4fa41cc6f6c025fcf49-8140541b0ccbaebc-0",
    "user-agent": "Mozilla/5.0 (Macintosh; Intel Mac OS X 10_15_7) AppleWebKit/537.36 (KHTML, like Gecko) Chrome/137.0.0.0 Safari/537.36",
    "x-forwarded-for": "::1",
    "x-forwarded-host": "localhost:3000",
    "x-forwarded-port": "3000",
    "x-forwarded-proto": "http"
  }
}

